$ next build
▲ Next.js 16.1.1 (Turbopack)

  Creating an optimized production build ...
✓ Compiled successfully in 2.4s
  Running TypeScript ...
  Collecting page data using 7 workers ...
  Generating static pages using 7 workers (0/10) ...
  Generating static pages using 7 workers (2/10) 
  Generating static pages using 7 workers (4/10) 
  Generating static pages using 7 workers (7/10) 
✓ Generating static pages using 7 workers (10/10) in 123.7ms
  Finalizing page optimization ...

Route (app)
┌ ○ /
├ ○ /_not-found
├ ƒ /api/auth/login
├ ƒ /api/auth/logout
├ ƒ /api/auth/me
├ ƒ /api/churches
├ ƒ /api/churches/[id]
├ ƒ /api/ghost/posts
├ ƒ /api/users
└ ƒ /api/users/invite


○  (Static)   prerendered as static content
ƒ  (Dynamic)  server-rendered on demand

